2026-07-17 09:12:43 UTC | The graph stays green when discipline stays daily.
2026-07-17 09:15:43 UTC | Any fool can write code that a computer can understand. Good programmers write code that humans can understand. — Martin Fowler
2026-07-17 09:16:53 UTC | Talk is cheap. Show me the code. — Linus Torvalds
2026-07-17 09:19:29 UTC | Move fast and don't break the build. — Sandeep
2026-07-17 11:22:55 UTC | Code is like humor. When you have to explain it, it's bad. — Cory House
2026-07-17 13:41:29 UTC | Simplicity is the soul of efficiency. — Austin Freeman
2026-07-17 15:15:10 UTC | The best error message is the one that never shows up. — Thomas Fuchs
2026-07-17 17:14:02 UTC | The best error message is the one that never shows up. — Thomas Fuchs
2026-07-17 19:12:38 UTC | First, solve the problem. Then, write the code. — John Johnson
2026-07-17 20:57:24 UTC | Programs must be written for people to read. — Harold Abelson
2026-07-17 21:55:16 UTC | Programs must be written for people to read. — Harold Abelson
2026-07-17 22:52:22 UTC | Premature optimization is the root of all evil. — Donald Knuth
2026-07-17 23:54:10 UTC | Simplicity is the soul of efficiency. — Austin Freeman
2026-07-18 02:37:36 UTC | Programs must be written for people to read. — Harold Abelson
2026-07-18 05:28:05 UTC | Code is like humor. When you have to explain it, it's bad. — Cory House
2026-07-18 07:53:50 UTC | Latency is a feature — until it isn't.
2026-07-18 09:27:41 UTC | Programs must be written for people to read. — Harold Abelson
2026-07-18 11:05:08 UTC | First, solve the problem. Then, write the code. — John Johnson
2026-07-18 13:18:58 UTC | Simplicity is the soul of efficiency. — Austin Freeman
2026-07-18 14:54:47 UTC | Make it work, make it right, make it fast. — Kent Beck
2026-07-18 15:58:55 UTC | Code is like humor. When you have to explain it, it's bad. — Cory House
2026-07-18 16:59:40 UTC | Ship small. Ship often. Ship green.
2026-07-18 17:56:39 UTC | Any fool can write code that a computer can understand. Good programmers write code that humans can understand. — Martin Fowler
2026-07-18 19:07:15 UTC | Move fast and don't break the build. — Sandeep
2026-07-18 20:51:41 UTC | Make it work, make it right, make it fast. — Kent Beck
2026-07-18 21:52:34 UTC | Talk is cheap. Show me the code. — Linus Torvalds
2026-07-18 22:52:19 UTC | Make it work, make it right, make it fast. — Kent Beck
2026-07-18 23:55:29 UTC | Talk is cheap. Show me the code. — Linus Torvalds
2026-07-19 02:52:03 UTC | Any fool can write code that a computer can understand. Good programmers write code that humans can understand. — Martin Fowler
2026-07-19 05:55:41 UTC | The best error message is the one that never shows up. — Thomas Fuchs
2026-07-19 08:22:00 UTC | Simplicity is the soul of efficiency. — Austin Freeman
2026-07-19 10:35:58 UTC | Talk is cheap. Show me the code. — Linus Torvalds
2026-07-19 11:59:58 UTC | Programs must be written for people to read. — Harold Abelson
2026-07-19 13:20:34 UTC | Cron doesn't sleep, and neither do good backends.
2026-07-19 14:57:20 UTC | Cron doesn't sleep, and neither do good backends.
2026-07-19 15:59:00 UTC | Programs must be written for people to read. — Harold Abelson
2026-07-19 16:59:27 UTC | Programs must be written for people to read. — Harold Abelson
2026-07-19 17:58:19 UTC | Programs must be written for people to read. — Harold Abelson
2026-07-19 19:08:33 UTC | Programs must be written for people to read. — Harold Abelson
2026-07-19 20:52:28 UTC | Simplicity is the soul of efficiency. — Austin Freeman
2026-07-19 21:54:29 UTC | Premature optimization is the root of all evil. — Donald Knuth
2026-07-19 22:54:16 UTC | Programs must be written for people to read. — Harold Abelson
2026-07-19 23:59:22 UTC | Talk is cheap. Show me the code. — Linus Torvalds
2026-07-20 03:20:39 UTC | The best error message is the one that never shows up. — Thomas Fuchs
2026-07-20 06:48:21 UTC | The graph stays green when discipline stays daily.
2026-07-20 10:13:33 UTC | The best error message is the one that never shows up. — Thomas Fuchs
2026-07-20 13:07:56 UTC | Any fool can write code that a computer can understand. Good programmers write code that humans can understand. — Martin Fowler
2026-07-20 15:51:50 UTC | Talk is cheap. Show me the code. — Linus Torvalds
2026-07-20 18:05:22 UTC | Cron doesn't sleep, and neither do good backends.
2026-07-20 20:22:18 UTC | First, solve the problem. Then, write the code. — John Johnson
2026-07-20 22:01:01 UTC | Simplicity is the soul of efficiency. — Austin Freeman
2026-07-20 23:03:49 UTC | Talk is cheap. Show me the code. — Linus Torvalds
2026-07-21 00:04:57 UTC | Code is like humor. When you have to explain it, it's bad. — Cory House
2026-07-21 03:35:27 UTC | Move fast and don't break the build. — Sandeep
2026-07-21 06:29:34 UTC | Latency is a feature — until it isn't.
2026-07-21 09:28:04 UTC | Premature optimization is the root of all evil. — Donald Knuth
2026-07-21 11:47:28 UTC | Programs must be written for people to read. — Harold Abelson
2026-07-21 13:54:27 UTC | Move fast and don't break the build. — Sandeep
2026-07-21 15:45:12 UTC | Cron doesn't sleep, and neither do good backends.
2026-07-21 17:22:12 UTC | First, solve the problem. Then, write the code. — John Johnson
2026-07-21 19:25:44 UTC | Any fool can write code that a computer can understand. Good programmers write code that humans can understand. — Martin Fowler
2026-07-21 21:11:44 UTC | Premature optimization is the root of all evil. — Donald Knuth
2026-07-21 22:58:52 UTC | Move fast and don't break the build. — Sandeep
2026-07-21 23:56:20 UTC | Premature optimization is the root of all evil. — Donald Knuth
2026-07-22 02:46:36 UTC | Move fast and don't break the build. — Sandeep
2026-07-22 05:52:02 UTC | Programs must be written for people to read. — Harold Abelson
